<<<<<<< HEAD
# project  configured on Mon Nov  3 18:57:44 2014 by
# waf 1.7.11 (abi 98, python 20706f0 on darwin)
# using /Users/yunshansimon/pebble-dev/PebbleSDK-2.4.1/Pebble/waf configure build
=======
# project  configured on Mon Sep 22 10:47:25 2014 by
# waf 1.7.11 (abi 98, python 20703f0 on linux2)
# using /home/yunshan/pebble-dev/PebbleSDK-2.4.1/Pebble/waf configure build
>>>>>>> FETCH_HEAD
#
----------------------------------------
Setting top to
/home/yunshan/mypebble/Peb_Messenger_Pro
----------------------------------------
Setting out to
/home/yunshan/mypebble/Peb_Messenger_Pro/build
----------------------------------------
Checking for program gcc,cc
arm-none-eabi-gcc
find program=['gcc', 'cc'] paths='' var='CC' -> 'arm-none-eabi-gcc'
----------------------------------------
Checking for program ar
arm-none-eabi-ar
find program=['ar'] paths='' var='AR' -> 'arm-none-eabi-ar'
